<?xml version="1.0" encoding="UTF-8"?>
<!-- Generated by org.testng.reporters.JUnitXMLReporter -->
<testsuite hostname="DESKTOP-8D7L466" ignored="0" name="Home Page Test cases" tests="6" failures="0" timestamp="2020-08-26T18:46:35 IST" time="27.636" errors="0">
  <testcase name="HomePageValidationTest" time="0.664" classname="com.course.test.courseHomePageTest"/>
  <testcase name="logoVerificationTest" time="0.386" classname="com.course.test.courseHomePageTest"/>
  <testcase name="searchFieldSmokeTest" time="0.163" classname="com.course.test.courseHomePageTest"/>
  <testcase name="searchButtonSmokeTest" time="0.056" classname="com.course.test.courseHomePageTest"/>
  <testcase name="exploreButtonSmokeTest" time="0.055" classname="com.course.test.courseHomePageTest"/>
  <testcase name="navigateToSecondPageTest" time="9.789" classname="com.course.test.courseHomePageTest"/>
</testsuite> <!-- Home Page Test cases -->
